!SESSION 2025-03-26 23:17:09.302 -----------------------------------------------
eclipse.buildId=4.35.0.20250306-0811
java.version=21.0.6
java.vendor=Eclipse Adoptium
BootLoader constants: OS=win32, ARCH=x86_64, WS=win32, NL=ko_KR
Framework arguments:  -product org.eclipse.epp.package.jee.product
Command-line arguments:  -os win32 -ws win32 -arch x86_64 -product org.eclipse.epp.package.jee.product

!ENTRY ch.qos.logback.classic 1 0 2025-03-26 23:17:16.663
!MESSAGE Activated before the state location was initialized. Retry after the state location is initialized.

!ENTRY org.eclipse.ui.ide 4 4 2025-03-26 23:17:46.764
!MESSAGE Failed to read host name.

!ENTRY org.eclipse.ui.ide 4 4 2025-03-26 23:17:46.811
!MESSAGE Failed to read host name.
!STACK 0
java.net.UnknownHostException: ???: 알려진 호스트가 없습니다 (???)
	at java.base/java.net.InetAddress.getLocalHost(InetAddress.java:1936)
	at org.eclipse.ui.internal.ide.application.IDEApplication.getHostName(IDEApplication.java:514)
	at org.eclipse.ui.internal.ide.application.IDEApplication.writeWsLockInfo(IDEApplication.java:455)
	at org.eclipse.ui.internal.ide.application.IDEApplication.checkInstanceLocation(IDEApplication.java:352)
	at org.eclipse.ui.internal.ide.application.IDEApplication.start(IDEApplication.java:168)
	at org.eclipse.equinox.internal.app.EclipseAppHandle.run(EclipseAppHandle.java:208)
	at org.eclipse.core.runtime.internal.adaptor.EclipseAppLauncher.runApplication(EclipseAppLauncher.java:149)
	at org.eclipse.core.runtime.internal.adaptor.EclipseAppLauncher.start(EclipseAppLauncher.java:115)
	at org.eclipse.core.runtime.adaptor.EclipseStarter.run(EclipseStarter.java:467)
	at org.eclipse.core.runtime.adaptor.EclipseStarter.run(EclipseStarter.java:298)
	at java.base/jdk.internal.reflect.DirectMethodHandleAccessor.invoke(DirectMethodHandleAccessor.java:103)
	at java.base/java.lang.reflect.Method.invoke(Method.java:580)
	at org.eclipse.equinox.launcher.Main.invokeFramework(Main.java:670)
	at org.eclipse.equinox.launcher.Main.basicRun(Main.java:607)
	at org.eclipse.equinox.launcher.Main.run(Main.java:1492)
Caused by: java.net.UnknownHostException: 알려진 호스트가 없습니다 (???)
	at java.base/java.net.Inet6AddressImpl.lookupAllHostAddr(Native Method)
	at java.base/java.net.Inet6AddressImpl.lookupAllHostAddr(Inet6AddressImpl.java:52)
	at java.base/java.net.InetAddress$PlatformResolver.lookupByName(InetAddress.java:1211)
	at java.base/java.net.InetAddress.getAddressesFromNameService(InetAddress.java:1828)
	at java.base/java.net.InetAddress$NameServiceAddresses.get(InetAddress.java:1139)
	at java.base/java.net.InetAddress.getAllByName0(InetAddress.java:1818)
	at java.base/java.net.InetAddress.getLocalHost(InetAddress.java:1931)
	... 14 more
